<?xml version="1.0" encoding="UTF-8"?>
<coverage generated="1560181342970" clover="3.2.0">
  <project timestamp="1560181342970" name="All files">
    <metrics statements="14" coveredstatements="14" conditionals="2" coveredconditionals="1" methods="1" coveredmethods="1" elements="17" coveredelements="16" complexity="0" loc="14" ncloc="14" packages="1" files="4" classes="4"/>
    <file name="app.js" path="/Users/gustavomoragonzalez/Documents/gestionix/node-api-boilerplate/src/app.js">
      <metrics statements="10" coveredstatements="10" conditionals="2" coveredconditionals="1" methods="0" coveredmethods="0"/>
      <line num="11" count="1" type="cond" truecount="1" falsecount="1"/>
      <line num="12" count="1" type="stmt"/>
      <line num="14" count="1" type="stmt"/>
      <line num="15" count="1" type="stmt"/>
      <line num="16" count="1" type="stmt"/>
      <line num="17" count="1" type="stmt"/>
      <line num="20" count="1" type="stmt"/>
      <line num="21" count="1" type="stmt"/>
      <line num="22" count="1" type="stmt"/>
      <line num="24" count="1" type="stmt"/>
    </file>
    <file name="config.js" path="/Users/gustavomoragonzalez/Documents/gestionix/node-api-boilerplate/src/config.js">
      <metrics statements="1" coveredstatements="1" conditionals="0" coveredconditionals="0" methods="0" coveredmethods="0"/>
      <line num="1" count="1" type="stmt"/>
    </file>
    <file name="routes.js" path="/Users/gustavomoragonzalez/Documents/gestionix/node-api-boilerplate/src/routes.js">
      <metrics statements="2" coveredstatements="2" conditionals="0" coveredconditionals="0" methods="0" coveredmethods="0"/>
      <line num="4" count="1" type="stmt"/>
      <line num="7" count="1" type="stmt"/>
    </file>
    <file name="sample.js" path="/Users/gustavomoragonzalez/Documents/gestionix/node-api-boilerplate/src/sample.js">
      <metrics statements="1" coveredstatements="1" conditionals="0" coveredconditionals="0" methods="1" coveredmethods="1"/>
      <line num="1" count="1" type="stmt"/>
    </file>
  </project>
</coverage>
