{"/Users/gustavomoragonzalez/Documents/gestionix/node-api-boilerplate/src/app.js": {"path":"/Users/gustavomoragonzalez/Documents/gestionix/node-api-boilerplate/src/app.js","statementMap":{"0":{"start":{"line":11,"column":15},"end":{"line":11,"column":50}},"1":{"start":{"line":12,"column":22},"end":{"line":12,"column":45}},"2":{"start":{"line":14,"column":12},"end":{"line":14,"column":21}},"3":{"start":{"line":15,"column":0},"end":{"line":15,"column":18}},"4":{"start":{"line":16,"column":0},"end":{"line":16,"column":27}},"5":{"start":{"line":17,"column":0},"end":{"line":19,"column":4}},"6":{"start":{"line":20,"column":0},"end":{"line":20,"column":16}},"7":{"start":{"line":21,"column":0},"end":{"line":21,"column":23}},"8":{"start":{"line":22,"column":0},"end":{"line":22,"column":16}},"9":{"start":{"line":24,"column":0},"end":{"line":24,"column":21}}},"fnMap":{},"branchMap":{"0":{"loc":{"start":{"line":11,"column":29},"end":{"line":11,"column":47}},"type":"binary-expr","locations":[{"start":{"line":11,"column":29},"end":{"line":11,"column":37}},{"start":{"line":11,"column":41},"end":{"line":11,"column":47}}],"line":11}},"s":{"0":1,"1":1,"2":1,"3":1,"4":1,"5":1,"6":1,"7":1,"8":1,"9":1},"f":{},"b":{"0":[1,0]},"_coverageSchema":"43e27e138ebf9cfc5966b082cf9a028302ed4184","hash":"445221be2145e6c7ef3b443a990cf13e03898b99"}
,"/Users/gustavomoragonzalez/Documents/gestionix/node-api-boilerplate/src/config.js": {"path":"/Users/gustavomoragonzalez/Documents/gestionix/node-api-boilerplate/src/config.js","statementMap":{"0":{"start":{"line":1,"column":0},"end":{"line":4,"column":2}}},"fnMap":{},"branchMap":{},"s":{"0":1},"f":{},"b":{},"_coverageSchema":"43e27e138ebf9cfc5966b082cf9a028302ed4184","hash":"eb34d8eea622f0a42b7da5c996751a4087dfc23f"}
,"/Users/gustavomoragonzalez/Documents/gestionix/node-api-boilerplate/src/routes.js": {"path":"/Users/gustavomoragonzalez/Documents/gestionix/node-api-boilerplate/src/routes.js","statementMap":{"0":{"start":{"line":4,"column":15},"end":{"line":4,"column":31}},"1":{"start":{"line":7,"column":0},"end":{"line":7,"column":23}}},"fnMap":{},"branchMap":{},"s":{"0":1,"1":1},"f":{},"b":{},"_coverageSchema":"43e27e138ebf9cfc5966b082cf9a028302ed4184","hash":"6837cd719f767cc9b73e2cf68784ff6f5a32b613"}
,"/Users/gustavomoragonzalez/Documents/gestionix/node-api-boilerplate/src/sample.js": {"path":"/Users/gustavomoragonzalez/Documents/gestionix/node-api-boilerplate/src/sample.js","statementMap":{"0":{"start":{"line":1,"column":0},"end":{"line":1,"column":33}},"1":{"start":{"line":1,"column":27},"end":{"line":1,"column":32}}},"fnMap":{"0":{"name":"(anonymous_0)","decl":{"start":{"line":1,"column":17},"end":{"line":1,"column":18}},"loc":{"start":{"line":1,"column":27},"end":{"line":1,"column":32}},"line":1}},"branchMap":{},"s":{"0":1,"1":1},"f":{"0":1},"b":{},"_coverageSchema":"43e27e138ebf9cfc5966b082cf9a028302ed4184","hash":"b5afb5aa2e8edda6d4ec02e89234fca0952268f1"}
}
