TN:
SF:/Users/gustavomoragonzalez/Documents/gestionix/node-api-boilerplate/src/app.js
FNF:0
FNH:0
DA:11,1
DA:12,1
DA:14,1
DA:15,1
DA:16,1
DA:17,1
DA:20,1
DA:21,1
DA:22,1
DA:24,1
LF:10
LH:10
BRDA:11,0,0,1
BRDA:11,0,1,0
BRF:2
BRH:1
end_of_record
TN:
SF:/Users/gustavomoragonzalez/Documents/gestionix/node-api-boilerplate/src/config.js
FNF:0
FNH:0
DA:1,1
LF:1
LH:1
BRF:0
BRH:0
end_of_record
TN:
SF:/Users/gustavomoragonzalez/Documents/gestionix/node-api-boilerplate/src/routes.js
FNF:0
FNH:0
DA:4,1
DA:7,1
LF:2
LH:2
BRF:0
BRH:0
end_of_record
TN:
SF:/Users/gustavomoragonzalez/Documents/gestionix/node-api-boilerplate/src/sample.js
FN:1,(anonymous_0)
FNF:1
FNH:1
FNDA:1,(anonymous_0)
DA:1,1
LF:1
LH:1
BRF:0
BRH:0
end_of_record
